<?xml version="1.0" encoding="UTF-8"?>
<!-- Generated by org.testng.reporters.JUnitReportReporter -->
<testsuite skipped="0" hostname="LAPTOP-JVNL5G83" name="com.carbonite.qa.tests.CompareBackUpPlanTest" tests="1" failures="0" timestamp="26 Dec 2020 06:06:17 GMT" time="30.218" errors="0">
  <testcase name="getTitleOfThePage" time="30.218" classname="com.carbonite.qa.tests.CompareBackUpPlanTest"/>
</testsuite> <!-- com.carbonite.qa.tests.CompareBackUpPlanTest -->
