<?xml version="1.0" encoding="UTF-8"?>
<!-- Generated by org.testng.reporters.JUnitReportReporter -->
<testsuite skipped="0" hostname="LAPTOP-JVNL5G83" name="com.carbonite.qa.tests.BuisnessSolutionPageTest" tests="1" failures="0" timestamp="22 Dec 2020 18:08:02 GMT" time="30.670" errors="0">
  <testcase name="getTitleOfThePage" time="30.670" classname="com.carbonite.qa.tests.BuisnessSolutionPageTest"/>
</testsuite> <!-- com.carbonite.qa.tests.BuisnessSolutionPageTest -->
